# IPython log file

a = 10
b = 1.5
c = 1 / 3
type(a)
type(b)
type(c)
2 * a
a + a
a + b
a + 2 * b
b ** 2
get_ipython().run_line_magic('who', '')
get_ipython().run_line_magic('whos', '')
get_ipython().run_line_magic('who', '')
get_ipython().run_line_magic('whos', '')
get_ipython().run_line_magic('lsmagic', '')
get_ipython().run_line_magic('logstart', 'data_science_basics_04.txt')
s = "some text"
t = 'another text'
type(s)
type(t)
2 * s
2 * t
s + s
s + t
s   
t
a
print(s)
s.capitalize()
s
s.upper()
s   
print(s)
print(f'This is the value of a: {a}.')
t = a, b, c, s
t
type(t)
len(t)
for e in t:
    print(e)
    
for e in t:
    print(type(e))
    
sum(t)
t = a, b, c
t
sum(t)
S = 0
for e in t:
    S += e
print(S)

S = 0
for e in t:
    S += e
print(S)
S = 0
for e in t:
    S += e
print(S)
print(S ** 2)
s
t
l = [a, b, c, s]
type(l)
l
sum(t)
sum(l)
get_ipython().run_line_magic('pinfo', 'l.remove')
get_ipython().run_line_magic('pinfo', 'l.pop')
l.remove('some text')
l
sum(l)
l = [a, b, c, s]
l
l.pop()
l
get_ipython().run_line_magic('pinfo', 'l.insert')
l.insert(2, 'Python')
l
l = [a, b, c, s]
l
l.insert(2, 'Python')
l
l
l[0]
l[1]
l[4]
len(l)
l[len(l) - 1]
l[-1]
l[-2]
type(l[2])
type(l[2]) == str
type(l[2]) != str
type(l[1]) != str
for i, e in enumerate(t):
    print(i, e)
    
for i, e in enumerate(l):
    print(i, e)
    
for i, e in enumerate(l):
    if type(e) == str:
        l.pop(i)
        
l
sum(l)
S = 0
for e in t:
    if type(e) in [int, float]:
        S += e
        
S
l = [a, b, c, s]
l.insert(2, 'Python')
l
S = 0
for e in t:
    if type(e) in [int, float]:
        S += e
        
S
get_ipython().run_line_magic('history', '-o -n -f data_science_basics_04_a.txt')
get_ipython().run_line_magic('pwd', '')
get_ipython().run_line_magic('mv', 'data_science_basics_04.txt live/')
